<?xml version="1.0" encoding="UTF-8"?>
<testsuite name="com.mindex.challenge.ChallengeApplicationTests" tests="1" skipped="0" failures="0" errors="0" timestamp="2024-12-17T06:33:42" hostname="SPOONMAN" time="1.01">
  <properties/>
  <testcase name="contextLoads" classname="com.mindex.challenge.ChallengeApplicationTests" time="1.01"/>
  <system-out><![CDATA[22:33:38.195 [Test worker] INFO org.springframework.test.context.support.AnnotationConfigContextLoaderUtils -- Could not detect default configuration classes for test class [com.mindex.challenge.ChallengeApplicationTests]: ChallengeApplicationTests does not declare any static, non-private, non-final, nested classes annotated with @Configuration.
22:33:38.376 [Test worker] INFO org.springframework.boot.test.context.SpringBootTestContextBootstrapper -- Found @SpringBootConfiguration com.mindex.challenge.ChallengeApplication for test class com.mindex.challenge.ChallengeApplicationTests

  .   ____          _            __ _ _
 /\\ / ___'_ __ _ _(_)_ __  __ _ \ \ \ \
( ( )\___ | '_ | '_| | '_ \/ _` | \ \ \ \
 \\/  ___)| |_)| | | | | || (_| |  ) ) ) )
  '  |____| .__|_| |_|_| |_\__, | / / / /
 =========|_|==============|___/=/_/_/_/
 :: Spring Boot ::                (v3.2.3)

2024-12-16T22:33:38.956-08:00  INFO 31304 --- [    Test worker] c.m.challenge.ChallengeApplicationTests  : Starting ChallengeApplicationTests using Java 17.0.13 with PID 31304 (started by Ajclo in C:\Users\Ajclo\Desktop\Code Assessment Mindex\mindex-code-challenge)
2024-12-16T22:33:38.957-08:00 DEBUG 31304 --- [    Test worker] c.m.challenge.ChallengeApplicationTests  : Running with Spring Boot v3.2.3, Spring v6.1.4
2024-12-16T22:33:38.958-08:00  INFO 31304 --- [    Test worker] c.m.challenge.ChallengeApplicationTests  : No active profile set, falling back to 1 default profile: "default"
2024-12-16T22:33:39.636-08:00  INFO 31304 --- [    Test worker] .s.d.r.c.RepositoryConfigurationDelegate : Bootstrapping Spring Data MongoDB repositories in DEFAULT mode.
2024-12-16T22:33:39.686-08:00  INFO 31304 --- [    Test worker] .s.d.r.c.RepositoryConfigurationDelegate : Finished Spring Data repository scanning in 43 ms. Found 1 MongoDB repository interface.
2024-12-16T22:33:40.612-08:00  INFO 31304 --- [    Test worker] de.bwaldvogel.mongo.MongoServer          : started MongoServer(port: 57070, ssl: false)
2024-12-16T22:33:40.820-08:00  INFO 31304 --- [    Test worker] org.mongodb.driver.client                : MongoClient with metadata {"driver": {"name": "mongo-java-driver|sync", "version": "4.11.1"}, "os": {"type": "Windows", "name": "Windows 10", "architecture": "amd64", "version": "10.0"}, "platform": "Java/BellSoft/17.0.13+12-LTS"} created with settings MongoClientSettings{readPreference=primary, writeConcern=WriteConcern{w=null, wTimeout=null ms, journal=null}, retryWrites=true, retryReads=true, readConcern=ReadConcern{level=null}, credential=null, transportSettings=null, streamFactoryFactory=null, commandListeners=[], codecRegistry=ProvidersCodecRegistry{codecProviders=[ValueCodecProvider{}, BsonValueCodecProvider{}, DBRefCodecProvider{}, DBObjectCodecProvider{}, DocumentCodecProvider{}, CollectionCodecProvider{}, IterableCodecProvider{}, MapCodecProvider{}, GeoJsonCodecProvider{}, GridFSFileCodecProvider{}, Jsr310CodecProvider{}, JsonObjectCodecProvider{}, BsonCodecProvider{}, EnumCodecProvider{}, com.mongodb.client.model.mql.ExpressionCodecProvider@1de4bee0, com.mongodb.Jep395RecordCodecProvider@3ece79fe, com.mongodb.KotlinCodecProvider@3cc79c02]}, loggerSettings=LoggerSettings{maxDocumentLength=1000}, clusterSettings={hosts=[bnetcmsus-a.akamaihd.net:57070], srvServiceName=mongodb, mode=SINGLE, requiredClusterType=UNKNOWN, requiredReplicaSetName='null', serverSelector='null', clusterListeners='[]', serverSelectionTimeout='30000 ms', localThreshold='15 ms'}, socketSettings=SocketSettings{connectTimeoutMS=10000, readTimeoutMS=0, receiveBufferSize=0, proxySettings=ProxySettings{host=null, port=null, username=null, password=null}}, heartbeatSocketSettings=SocketSettings{connectTimeoutMS=10000, readTimeoutMS=10000, receiveBufferSize=0, proxySettings=ProxySettings{host=null, port=null, username=null, password=null}}, connectionPoolSettings=ConnectionPoolSettings{maxSize=100, minSize=0, maxWaitTimeMS=120000, maxConnectionLifeTimeMS=0, maxConnectionIdleTimeMS=0, maintenanceInitialDelayMS=0, maintenanceFrequencyMS=60000, connectionPoolListeners=[], maxConnecting=2}, serverSettings=ServerSettings{heartbeatFrequencyMS=10000, minHeartbeatFrequencyMS=500, serverListeners='[]', serverMonitorListeners='[]'}, sslSettings=SslSettings{enabled=false, invalidHostNameAllowed=false, context=null}, applicationName='null', compressorList=[], uuidRepresentation=UNSPECIFIED, serverApi=null, autoEncryptionSettings=null, dnsClient=null, inetAddressResolver=null, contextProvider=null}
2024-12-16T22:33:40.832-08:00  INFO 31304 --- [-server-worker2] d.b.mongo.wire.MongoWireProtocolHandler  : client [id: 0xaaf648f0, L:/127.0.0.1:57070 - R:/127.0.0.1:57072] connected
2024-12-16T22:33:40.832-08:00  INFO 31304 --- [-server-worker1] d.b.mongo.wire.MongoWireProtocolHandler  : client [id: 0x544d4866, L:/127.0.0.1:57070 - R:/127.0.0.1:57071] connected
2024-12-16T22:33:40.932-08:00  INFO 31304 --- [maihd.net:57070] org.mongodb.driver.cluster               : Monitor thread successfully connected to server with description ServerDescription{address=bnetcmsus-a.akamaihd.net:57070, type=STANDALONE, state=CONNECTED, ok=true, minWireVersion=0, maxWireVersion=6, maxDocumentSize=16777216, logicalSessionTimeoutMinutes=null, roundTripTimeNanos=123162500}
2024-12-16T22:33:41.563-08:00  INFO 31304 --- [-server-worker3] d.b.mongo.wire.MongoWireProtocolHandler  : client [id: 0x69f348de, L:/127.0.0.1:57070 - R:/127.0.0.1:57073] connected
2024-12-16T22:33:41.598-08:00  INFO 31304 --- [-server-worker3] d.b.mongo.backend.AbstractMongoBackend   : created database test
2024-12-16T22:33:41.606-08:00  INFO 31304 --- [-server-worker3] d.b.mongo.backend.AbstractMongoDatabase  : adding unique _id index for collection employee
2024-12-16T22:33:41.614-08:00  INFO 31304 --- [-server-worker3] d.b.mongo.backend.AbstractMongoDatabase  : created collection test.employee
2024-12-16T22:33:42.192-08:00  INFO 31304 --- [    Test worker] c.m.challenge.ChallengeApplicationTests  : Started ChallengeApplicationTests in 3.583 seconds (process running for 4.993)
]]></system-out>
  <system-err><![CDATA[]]></system-err>
</testsuite>
